[20-Oct-2023 07:02:31 UTC] PHP Warning:  Undefined variable $qsid in C:\Users\pika2a\Local Sites\planty3\app\public\wp-content\plugins\child-theme-configurator\includes\classes\CSS.php on line 958
[20-Oct-2023 07:02:31 UTC] PHP Warning:  Undefined variable $qsid in C:\Users\pika2a\Local Sites\planty3\app\public\wp-content\plugins\child-theme-configurator\includes\classes\CSS.php on line 960
[20-Oct-2023 07:02:31 UTC] PHP Warning:  Undefined variable $qsid in C:\Users\pika2a\Local Sites\planty3\app\public\wp-content\plugins\child-theme-configurator\includes\classes\CSS.php on line 967
[20-Oct-2023 07:02:31 UTC] PHP Warning:  Undefined variable $qsid in C:\Users\pika2a\Local Sites\planty3\app\public\wp-content\plugins\child-theme-configurator\includes\classes\CSS.php on line 968
[20-Oct-2023 07:02:31 UTC] PHP Warning:  Undefined variable $qsid in C:\Users\pika2a\Local Sites\planty3\app\public\wp-content\plugins\child-theme-configurator\includes\classes\CSS.php on line 971
[04-Nov-2023 14:48:10 UTC] PHP Warning:  Undefined array key "id" in C:\Users\pika2a\Local Sites\planty3\app\public\wp-content\plugins\elementor\includes\managers\image.php on line 41
[04-Nov-2023 14:48:10 UTC] PHP Warning:  Undefined array key "id" in C:\Users\pika2a\Local Sites\planty3\app\public\wp-content\plugins\elementor\includes\managers\image.php on line 41
[04-Nov-2023 14:48:10 UTC] PHP Warning:  Trying to access array offset on value of type bool in C:\Users\pika2a\Local Sites\planty3\app\public\wp-content\plugins\elementor\includes\managers\image.php on line 113
[04-Nov-2023 14:48:10 UTC] PHP Warning:  Trying to access array offset on value of type bool in C:\Users\pika2a\Local Sites\planty3\app\public\wp-content\plugins\elementor\includes\managers\image.php on line 113
[04-Nov-2023 14:48:10 UTC] PHP Warning:  Trying to access array offset on value of type bool in C:\Users\pika2a\Local Sites\planty3\app\public\wp-content\plugins\elementor\includes\managers\image.php on line 113
[04-Nov-2023 14:48:10 UTC] PHP Warning:  Trying to access array offset on value of type bool in C:\Users\pika2a\Local Sites\planty3\app\public\wp-content\plugins\elementor\includes\managers\image.php on line 113
[04-Nov-2023 14:48:10 UTC] PHP Warning:  Trying to access array offset on value of type bool in C:\Users\pika2a\Local Sites\planty3\app\public\wp-content\plugins\elementor\includes\managers\image.php on line 113
[04-Nov-2023 14:48:10 UTC] PHP Warning:  Trying to access array offset on value of type bool in C:\Users\pika2a\Local Sites\planty3\app\public\wp-content\plugins\elementor\includes\managers\image.php on line 113
[04-Nov-2023 14:48:10 UTC] PHP Warning:  Trying to access array offset on value of type bool in C:\Users\pika2a\Local Sites\planty3\app\public\wp-content\plugins\elementor\includes\managers\image.php on line 113
[04-Nov-2023 14:48:10 UTC] PHP Warning:  Trying to access array offset on value of type bool in C:\Users\pika2a\Local Sites\planty3\app\public\wp-content\plugins\elementor\includes\managers\image.php on line 113
[04-Nov-2023 14:48:11 UTC] PHP Warning:  Undefined array key "id" in C:\Users\pika2a\Local Sites\planty3\app\public\wp-content\plugins\elementor\includes\managers\image.php on line 41
[04-Nov-2023 14:48:11 UTC] PHP Warning:  Undefined array key "id" in C:\Users\pika2a\Local Sites\planty3\app\public\wp-content\plugins\elementor\includes\managers\image.php on line 41
[04-Nov-2023 14:48:11 UTC] PHP Warning:  Trying to access array offset on value of type bool in C:\Users\pika2a\Local Sites\planty3\app\public\wp-content\plugins\elementor\includes\managers\image.php on line 113
[04-Nov-2023 14:48:11 UTC] PHP Warning:  Trying to access array offset on value of type bool in C:\Users\pika2a\Local Sites\planty3\app\public\wp-content\plugins\elementor\includes\managers\image.php on line 113
[04-Nov-2023 14:48:11 UTC] PHP Warning:  Trying to access array offset on value of type bool in C:\Users\pika2a\Local Sites\planty3\app\public\wp-content\plugins\elementor\includes\managers\image.php on line 113
[04-Nov-2023 14:48:11 UTC] PHP Warning:  Trying to access array offset on value of type bool in C:\Users\pika2a\Local Sites\planty3\app\public\wp-content\plugins\elementor\includes\managers\image.php on line 113
[04-Nov-2023 14:48:11 UTC] PHP Warning:  Trying to access array offset on value of type bool in C:\Users\pika2a\Local Sites\planty3\app\public\wp-content\plugins\elementor\includes\managers\image.php on line 113
[04-Nov-2023 14:48:11 UTC] PHP Warning:  Trying to access array offset on value of type bool in C:\Users\pika2a\Local Sites\planty3\app\public\wp-content\plugins\elementor\includes\managers\image.php on line 113
[04-Nov-2023 14:48:11 UTC] PHP Warning:  Trying to access array offset on value of type bool in C:\Users\pika2a\Local Sites\planty3\app\public\wp-content\plugins\elementor\includes\managers\image.php on line 113
[04-Nov-2023 14:48:11 UTC] PHP Warning:  Trying to access array offset on value of type bool in C:\Users\pika2a\Local Sites\planty3\app\public\wp-content\plugins\elementor\includes\managers\image.php on line 113
[06-Nov-2023 08:24:58 UTC] PHP Fatal error:  Uncaught TypeError: call_user_func_array(): Argument #1 ($callback) must be a valid callback, function "masquer_lien_admin_non_connecte" not found or invalid function name in C:\Users\pika2a\Local Sites\planty3\app\public\wp-includes\class-wp-hook.php:310
Stack trace:
#0 C:\Users\pika2a\Local Sites\planty3\app\public\wp-includes\plugin.php(205): WP_Hook->apply_filters('<li id="menu-it...', Array)
#1 C:\Users\pika2a\Local Sites\planty3\app\public\wp-includes\nav-menu-template.php(267): apply_filters('wp_nav_menu_ite...', '<li id="menu-it...', Object(stdClass))
#2 C:\Users\pika2a\Local Sites\planty3\app\public\wp-content\themes\blankslate-child\header.php(20): wp_nav_menu(Object(stdClass))
#3 C:\Users\pika2a\Local Sites\planty3\app\public\wp-includes\template.php(785): require_once('C:\\Users\\pika2a...')
#4 C:\Users\pika2a\Local Sites\planty3\app\public\wp-includes\template.php(720): load_template('C:\\Users\\pika2a...', true, Array)
#5 C:\Users\pika2a\Local Sites\planty3\app\public\wp-includes\general-template.php(48): locate_template(Array, true, true, Array)
#6 C:\Users\pika2a\Local Sites\planty3\app\public\wp-content\themes\blankslate\page.php(1): get_header()
#7 C:\Users\pika2a\Local Sites\planty3\app\public\wp-includes\template-loader.php(106): include('C:\\Users\\pika2a...')
#8 C:\Users\pika2a\Local Sites\planty3\app\public\wp-blog-header.php(19): require_once('C:\\Users\\pika2a...')
#9 C:\Users\pika2a\Local Sites\planty3\app\public\index.php(17): require('C:\\Users\\pika2a...')
#10 {main}
  thrown in C:\Users\pika2a\Local Sites\planty3\app\public\wp-includes\class-wp-hook.php on line 310
